[21:13:26] [ServerMain/INFO]: Environment: authHost='https://authserver.mojang.com', accountsHost='https://api.mojang.com', sessionHost='https://sessionserver.mojang.com', servicesHost='https://api.minecraftservices.com', name='PROD'
[21:13:28] [ServerMain/INFO]: Loaded 7 recipes
[21:13:28] [Server thread/INFO]: Starting minecraft server version 1.20.1
[21:13:28] [Server thread/INFO]: Loading properties
[21:13:28] [Server thread/INFO]: This server is running Paper version git-Paper-196 (MC: 1.20.1) (Implementing API version 1.20.1-R0.1-SNAPSHOT) (Git: 773dd72)
[21:13:29] [Server thread/INFO]: Server Ping Player Sample Count: 12
[21:13:29] [Server thread/INFO]: Using 4 threads for Netty based IO
[21:13:29] [Server thread/WARN]: [!] The timings profiler has been enabled but has been scheduled for removal from Paper in the future.
    We recommend installing the spark profiler as a replacement: https://spark.lucko.me/
    For more information please visit: https://github.com/PaperMC/Paper/issues/8948
[21:13:29] [Server thread/INFO]: [ChunkTaskScheduler] Chunk system is using 1 I/O threads, 1 worker threads, and gen parallelism of 1 threads
[21:13:29] [Server thread/INFO]: Default game type: SURVIVAL
[21:13:29] [Server thread/INFO]: Generating keypair
[21:13:29] [Server thread/INFO]: Starting Minecraft server on *:25565
[21:13:29] [Server thread/INFO]: Using epoll channel type
[21:13:30] [Server thread/INFO]: Paper: Using libdeflate (Linux x86_64) compression from Velocity.
[21:13:30] [Server thread/INFO]: Paper: Using OpenSSL 3.0.x (Linux x86_64) cipher from Velocity.
[21:13:30] [Server thread/INFO]: [Geyser-Spigot] Loading server plugin Geyser-Spigot v2.8.2-SNAPSHOT
[21:13:30] [Server thread/INFO]: [Geyser-Spigot] Loading extensions...
[21:13:30] [Server thread/INFO]: [Geyser-Spigot] Loaded 0 extension(s)
[21:13:30] [Server thread/INFO]: [Essentials] Loading server plugin Essentials v2.20.1
[21:13:30] [Server thread/INFO]: [ConditionalEvents] Loading server plugin ConditionalEvents v4.65.1
[21:13:30] [Server thread/INFO]: [GrimAC] Loading server plugin GrimAC v2.3.71
[21:13:30] [Server thread/INFO]: [GrimAC] Loading PacketEvents...
[21:13:31] [Server thread/INFO]: [CoreLogging] Loading server plugin Multiverse-Core v5.1.2
[21:13:31] [Server thread/INFO]: [ActionInfo] Loading server plugin ActionInfo v1.6
[21:13:31] [Server thread/INFO]: [DiscordIntegration] Loading server plugin DiscordIntegration v3.0.7.1
[21:13:32] [Server thread/INFO]: [Discord Integration] Waiting for JDA to initialize to send starting message... (max 5 seconds before skipping)
[21:13:32] [DiscordIntegration Launch Thread/WARN]: Exception in thread "DiscordIntegration Launch Thread" java.lang.IllegalArgumentException: Token may not contain blanks. Provided: "INSERT BOT TOKEN HERE"
[21:13:32] [DiscordIntegration Launch Thread/WARN]: 	at dcintegration-spigot-3.0.7.1-1.20.4.jar//net.dv8tion.jda.internal.utils.Checks.noWhitespace(Checks.java:107)
[21:13:32] [DiscordIntegration Launch Thread/WARN]: 	at dcintegration-spigot-3.0.7.1-1.20.4.jar//net.dv8tion.jda.internal.utils.config.AuthorizationConfig.<init>(AuthorizationConfig.java:30)
[21:13:32] [DiscordIntegration Launch Thread/WARN]: 	at dcintegration-spigot-3.0.7.1-1.20.4.jar//net.dv8tion.jda.api.JDABuilder.build(JDABuilder.java:1904)
[21:13:32] [DiscordIntegration Launch Thread/WARN]: 	at dcintegration-spigot-3.0.7.1-1.20.4.jar//de.erdbeerbaerlp.dcintegration.common.DiscordIntegration$LaunchThread.run(DiscordIntegration.java:545)
[21:13:38] [Server thread/INFO]: [SkinsRestorer] Loading server plugin SkinsRestorer v15.7.7
[21:13:38] [Server thread/INFO]: Server permissions file permissions.yml is empty, ignoring it
[21:13:38] [Server thread/INFO]: [SkinsRestorer] Enabling SkinsRestorer v15.7.7
[21:13:38] [Server thread/INFO]: [SkinsRestorer] Running on Minecraft 1.20.1.
[21:13:39] [Server thread/INFO]: [SkinsRestorer] Using paper join listener!
[21:13:39] [Server thread/WARN]: [SkinsRestorer] Please update your Java runtime to at least Java 21 (your version is 17).
[21:13:39] [Server thread/WARN]: [SkinsRestorer] At some point in the future, SkinsRestorer will no longer be compatible with this version of Java.
[21:13:39] [Server thread/WARN]: **** SERVER IS RUNNING IN OFFLINE/INSECURE MODE!
[21:13:39] [Server thread/WARN]: The server will make no attempt to authenticate usernames. Beware.
[21:13:39] [Server thread/WARN]: While this makes the game possible to play without internet access, it also opens up the ability for hackers to connect with any username they choose.
[21:13:39] [Server thread/WARN]: To change this, set "online-mode" to "true" in the server.properties file.
[21:13:39] [Server thread/INFO]: Preparing level "world"
[21:13:39] [Folia Async Scheduler Thread #1/INFO]: [SkinsRestorer] ----------------------------------------------
[21:13:39] [Folia Async Scheduler Thread #1/INFO]: [SkinsRestorer]     +==================+
[21:13:39] [Folia Async Scheduler Thread #1/INFO]: [SkinsRestorer]     |   SkinsRestorer  |
[21:13:39] [Folia Async Scheduler Thread #1/INFO]: [SkinsRestorer]     |------------------|
[21:13:39] [Folia Async Scheduler Thread #1/INFO]: [SkinsRestorer]     |  Standalone Mode |
[21:13:39] [Folia Async Scheduler Thread #1/INFO]: [SkinsRestorer]     +==================+
[21:13:39] [Folia Async Scheduler Thread #1/INFO]: [SkinsRestorer] ----------------------------------------------
[21:13:39] [Folia Async Scheduler Thread #1/INFO]: [SkinsRestorer]     Version: 15.7.7
[21:13:39] [Folia Async Scheduler Thread #1/INFO]: [SkinsRestorer]     Commit: 7eff058
[21:13:39] [Folia Async Scheduler Thread #1/INFO]: [SkinsRestorer]     This is the latest version!
[21:13:39] [Folia Async Scheduler Thread #1/INFO]: [SkinsRestorer] ----------------------------------------------
[21:13:39] [Folia Async Scheduler Thread #1/INFO]: [SkinsRestorer] Do you have issues? Read our troubleshooting guide: https://skinsrestorer.net/docs/troubleshooting
[21:13:39] [Folia Async Scheduler Thread #1/INFO]: [SkinsRestorer] Want to support SkinsRestorer? Consider donating: https://skinsrestorer.net/donate
[21:13:39] [Server thread/INFO]: Preparing start region for dimension minecraft:overworld
[21:13:39] [Server thread/INFO]: Time elapsed: 262 ms
[21:13:39] [Server thread/INFO]: Preparing start region for dimension minecraft:the_nether
[21:13:39] [Server thread/INFO]: Time elapsed: 139 ms
[21:13:39] [Server thread/INFO]: Preparing start region for dimension minecraft:the_end
[21:13:40] [Server thread/INFO]: Time elapsed: 76 ms
[21:13:40] [Server thread/INFO]: [Geyser-Spigot] Enabling Geyser-Spigot v2.8.2-SNAPSHOT
[21:13:40] [Server thread/INFO]: [Essentials] Enabling Essentials v2.20.1
[21:13:40] [Server thread/INFO]: [Essentials] Attempting to convert old kits in config.yml to new kits.yml
[21:13:40] [Server thread/INFO]: [Essentials] No kits found to migrate.
[21:13:41] [Server thread/INFO]: [Essentials] Loaded 39094 items from items.json.
[21:13:41] [Server thread/INFO]: [Essentials] Using locale en
[21:13:41] [Server thread/INFO]: [Essentials] ServerListPingEvent: Spigot iterator API
[21:13:41] [Server thread/INFO]: [Essentials] Starting Metrics. Opt-out using the global bStats config.
[21:13:41] [Server thread/INFO]: [Essentials] Using superperms-based permissions.
[21:13:41] [Server thread/INFO]: [ConditionalEvents] Enabling ConditionalEvents v4.65.1
[21:13:41] [Server thread/INFO]: [ConditionalEvents] Has been enabled! Version: 4.65.1
[21:13:41] [Server thread/INFO]: [ConditionalEvents] Thanks for using my plugin!   ~Ajneb97
[21:13:41] [Server thread/INFO]: [GrimAC] Enabling GrimAC v2.3.71
[21:13:41] [Server thread/INFO]: [GrimAC] Registering singular bukkit event... (PistonEvent)
[21:13:41] [Server thread/INFO]: [GrimAC] Registering packets...
[21:13:41] [Server thread/INFO]: [GrimAC] Registering tick schedulers...
[21:13:41] [Server thread/INFO]: [GrimAC] [ACF] Enabled Asynchronous Tab Completion Support!
[21:13:42] [Server thread/INFO]: Grim Version: 2.3.71
[21:13:42] [Server thread/INFO]: [Multiverse-Core] Enabling Multiverse-Core v5.1.2
[21:13:42] [Server thread/INFO]: Preparing start region for dimension minecraft:laberinto
[21:13:43] [Server thread/INFO]: Time elapsed: 530 ms
[21:13:43] [Server thread/INFO]: [Multiverse-Core] API service loaded!
[21:13:43] [Server thread/INFO]: [Multiverse-Core] Version 5.1.2 (API v5.1) Enabled - By dumptruckman, Rigby, fernferret, lithium3141, main--, benwoo1110 and Zax71
[21:13:43] [Server thread/INFO]: [Multiverse-Core] Loving Multiverse-Core? Please consider supporting the project with a small donation: https://github.com/sponsors/Multiverse
[21:13:43] [Server thread/INFO]: [ActionInfo] Enabling ActionInfo v1.6
[21:13:43] [Server thread/INFO]: ActionInfo » Enabled
[21:13:43] [Server thread/INFO]: [DiscordIntegration] Enabling DiscordIntegration v3.0.7.1
[21:13:44] [Server thread/INFO]: [Geyser-Spigot] ******************************************
[21:13:44] [Server thread/INFO]: [Geyser-Spigot] 
[21:13:44] [Server thread/INFO]: [Geyser-Spigot] Loading Geyser version 2.8.2-b887 (git-master-1f23d1d)
[21:13:44] [Server thread/INFO]: [Geyser-Spigot] 
[21:13:44] [Server thread/INFO]: [Geyser-Spigot] ******************************************
[21:13:49] [epollEventLoopGroup-3-1/INFO]: [Geyser-Spigot] Started Geyser on UDP port 19132
[21:13:49] [Server thread/INFO]: [Geyser-Spigot] Done (4.712s)! Run /geyser help for help!
[21:13:49] [Server thread/WARN]: [Geyser-Spigot] Your server software does not support the Java version that Geyser requires (1.21.7). Please install ViaVersion (https://ci.viaversion.com/job/ViaVersion/) or update your server software!
[21:13:49] [Server thread/INFO]: Running delayed init tasks
[21:13:49] [Server thread/INFO]: Done (20.346s)! For help, type "help"
[21:13:49] [Server thread/INFO]: Timings Reset
[21:13:49] [Craft Scheduler Thread - 3 - Essentials/INFO]: [Essentials] Fetching version information...
[21:13:49] [Craft Scheduler Thread - 3 - Essentials/WARN]: [Essentials] There is a new EssentialsX version available for download: 2.21.1.
[21:13:49] [Craft Scheduler Thread - 3 - Essentials/WARN]: [Essentials] Download it here: https://essentialsx.net/downloads.html?branch=stable
[21:13:49] [Craft Scheduler Thread - 4 - GrimAC/INFO]: You are using the latest version of GrimAC
[21:13:50] [Server thread/INFO]: [Discord Integration] Started
[21:13:50] [DiscordIntegration-Core WorkerThread/ERROR]: [Discord Integration] java.lang.NullPointerException: Cannot invoke "net.dv8tion.jda.api.JDA.getSelfUser()" because the return value of "de.erdbeerbaerlp.dcintegration.common.DiscordIntegration.getJDA()" is null
[21:14:26] [User Authenticator #0/INFO]: UUID of player JustMilaros is 17faf0ce-7657-3f28-a540-4b70c4a9992f
[21:14:26] [Server thread/INFO]: JustMilaros joined the game
[21:14:26] [Server thread/INFO]: JustMilaros[/127.76.223.122:48189] logged in with entity id 319 at ([laberinto]-557.6999999880791, 4.0, 739.0786040231382)
[21:14:27] [Netty Epoll Server IO #1/INFO]: [ac.grim.grimac.shaded.com.github.retrooper.packetevents.PacketEventsAPI] Loading block mappings for V_1_20/12...
[21:14:27] [Netty Epoll Server IO #1/INFO]: [ac.grim.grimac.shaded.com.github.retrooper.packetevents.PacketEventsAPI] Finished loading block mappings for V_1_20/12 in 267.190797ms
[21:14:31] [Server thread/INFO]: JustMilaros issued server command: /gamemode creative
[21:15:27] [Server thread/INFO]: JustMilaros issued server command: /mvtp world
[21:15:29] [Server thread/INFO]: JustMilaros issued server command: /gamemode creative
[21:15:38] [Server thread/INFO]: JustMilaros issued server command: /time set day
[21:16:02] [Server thread/INFO]: JustMilaros issued server command: /grim
[21:22:33] [User Authenticator #1/INFO]: UUID of player Miidmismd is a4be21ca-d8cc-3cac-a759-a5fcdcae46dc
[21:22:33] [Server thread/INFO]: Miidmismd joined the game
[21:22:33] [Server thread/INFO]: Miidmismd[/127.76.223.122:52903] logged in with entity id 1242 at ([world]2.5, 90.0, 9.5)
[21:23:46] [Server thread/INFO]: Grim » Miidmismd failed Reach (x5) 3.17284 blocks
[21:23:47] [Server thread/INFO]: Grim » Miidmismd failed Reach (x10) 3.17284 blocks
[21:23:48] [Server thread/INFO]: Grim » Miidmismd failed Reach (x15) 3.86848 blocks
[21:24:26] [Server thread/INFO]: JustMilaros issued server command: /gamemode survival
[21:24:31] [Server thread/INFO]: Grim » Miidmismd failed GroundSpoof (x7) claimed false
[21:24:31] [Server thread/INFO]: Grim » Miidmismd failed Simulation (x96) .184129 /gl 1
[21:24:52] [Netty Epoll Server IO #2/INFO]: [packetevents] Disconnected null due to invalid packet!
[21:25:11] [Server thread/INFO]: Grim » Miidmismd failed AimDuplicateLook (x17) 
[21:25:11] [Server thread/INFO]: Grim » Miidmismd failed Simulation (x114) .031300 /gl 2
[21:25:41] [Server thread/INFO]: JustMilaros issued server command: /grim alerts
[21:25:45] [Server thread/INFO]: Grim » Miidmismd failed Simulation (x150) .031300 /gl 3
[21:25:47] [Server thread/INFO]: JustMilaros issued server command: /grim alerts
[21:25:49] [Server thread/INFO]: JustMilaros lost connection: Disconnected
[21:25:49] [Server thread/INFO]: JustMilaros left the game
[21:25:50] [Server thread/INFO]: Miidmismd lost connection: Disconnected
[21:25:50] [Server thread/INFO]: Miidmismd left the game
[21:25:59] [Server thread/INFO]: Stopping the server
[21:25:59] [Server thread/INFO]: Stopping server
[21:25:59] [Server thread/INFO]: [SkinsRestorer] Disabling SkinsRestorer v15.7.7
[21:25:59] [Server thread/INFO]: [DiscordIntegration] Disabling DiscordIntegration v3.0.7.1
[21:25:59] [Server thread/INFO]: [Discord Integration] Unloading addons...
[21:25:59] [Server thread/INFO]: [Discord Integration] Unloaded addons
[21:25:59] [Server thread/INFO]: [ActionInfo] Disabling ActionInfo v1.6
[21:25:59] [Server thread/INFO]: [Multiverse-Core] Disabling Multiverse-Core v5.1.2
[21:25:59] [Server thread/INFO]: [GrimAC] Disabling GrimAC v2.3.71
[21:25:59] [Server thread/INFO]: [GrimAC] Terminating PacketEvents...
[21:25:59] [Server thread/INFO]: [ConditionalEvents] Disabling ConditionalEvents v4.65.1
[21:25:59] [Server thread/INFO]: [ConditionalEvents] Has been disabled! Version: 4.65.1
[21:25:59] [Server thread/INFO]: [Essentials] Disabling Essentials v2.20.1
[21:25:59] [Server thread/INFO]: [Geyser-Spigot] Disabling Geyser-Spigot v2.8.2-SNAPSHOT
[21:25:59] [Server thread/INFO]: [Geyser-Spigot] Shutting down Geyser.
[21:25:59] [Server thread/INFO]: [Geyser-Spigot] Geyser shutdown successfully.
[21:25:59] [Server thread/INFO]: Saving players
[21:25:59] [Server thread/INFO]: Saving worlds
[21:25:59] [Server thread/INFO]: Saving chunks for level 'ServerLevel[world]'/minecraft:overworld
[21:25:59] [Server thread/INFO]: [ChunkHolderManager] Waiting 60s for chunk system to halt for world 'world'
[21:25:59] [Server thread/INFO]: [ChunkHolderManager] Halted chunk system for world 'world'
[21:25:59] [Server thread/INFO]: [ChunkHolderManager] Saving all chunkholders for world 'world'
[21:26:00] [Server thread/INFO]: [ChunkHolderManager] Saved 839 block chunks, 227 entity chunks, 0 poi chunks in world 'world' in 0.54s
[21:26:00] [Server thread/INFO]: ThreadedAnvilChunkStorage (world): All chunks are saved
[21:26:00] [Server thread/INFO]: Saving chunks for level 'ServerLevel[world_nether]'/minecraft:the_nether
[21:26:00] [Server thread/INFO]: [ChunkHolderManager] Waiting 60s for chunk system to halt for world 'world_nether'
[21:26:00] [Server thread/INFO]: [ChunkHolderManager] Halted chunk system for world 'world_nether'
[21:26:00] [Server thread/INFO]: [ChunkHolderManager] Saving all chunkholders for world 'world_nether'
[21:26:00] [Server thread/INFO]: [ChunkHolderManager] Saved 0 block chunks, 16 entity chunks, 0 poi chunks in world 'world_nether' in 0.00s
[21:26:00] [Server thread/INFO]: ThreadedAnvilChunkStorage (DIM-1): All chunks are saved
[21:26:00] [Server thread/INFO]: Saving chunks for level 'ServerLevel[world_the_end]'/minecraft:the_end
[21:26:00] [Server thread/INFO]: [ChunkHolderManager] Waiting 60s for chunk system to halt for world 'world_the_end'
[21:26:00] [Server thread/INFO]: [ChunkHolderManager] Halted chunk system for world 'world_the_end'
[21:26:00] [Server thread/INFO]: [ChunkHolderManager] Saving all chunkholders for world 'world_the_end'
[21:26:00] [Server thread/INFO]: [ChunkHolderManager] Saved 10 block chunks, 10 entity chunks, 0 poi chunks in world 'world_the_end' in 0.02s
[21:26:00] [Server thread/INFO]: ThreadedAnvilChunkStorage (DIM1): All chunks are saved
[21:26:00] [Server thread/INFO]: Saving chunks for level 'ServerLevel[laberinto]'/minecraft:laberinto
[21:26:00] [Server thread/INFO]: [ChunkHolderManager] Waiting 60s for chunk system to halt for world 'laberinto'
[21:26:00] [Server thread/INFO]: [ChunkHolderManager] Halted chunk system for world 'laberinto'
[21:26:00] [Server thread/INFO]: [ChunkHolderManager] Saving all chunkholders for world 'laberinto'
[21:26:00] [Server thread/INFO]: [ChunkHolderManager] Saved 0 block chunks, 100 entity chunks, 0 poi chunks in world 'laberinto' in 0.02s
[21:26:00] [Server thread/INFO]: ThreadedAnvilChunkStorage (laberinto): All chunks are saved
[21:26:00] [Server thread/INFO]: ThreadedAnvilChunkStorage: All dimensions are saved
[21:26:00] [Server thread/INFO]: Flushing Chunk IO
[21:26:00] [Server thread/INFO]: Closing Thread Pool
[21:26:00] [Server thread/INFO]: Closing Server
